This file contains any messages produced by compilers while
running configure, to aid debugging if configure makes a mistake.

It was created by themonospot-console configure 0.1.1, which was
generated by GNU Autoconf 2.64.  Invocation command line was

  $ ./configure --prefix=/usr

## --------- ##
## Platform. ##
## --------- ##

hostname = localhost.localdomain
uname -m = i686
uname -r = 2.6.31.9-desktop-69mib
uname -s = Linux
uname -v = #1 SMP Wed Dec 23 19:36:28 CET 2009

/usr/bin/uname -p = unknown
/bin/uname -X     = unknown

/bin/arch              = i686
/usr/bin/arch -k       = unknown
/usr/convex/getsysinfo = unknown
/usr/bin/hostinfo      = unknown
/bin/machine           = unknown
/usr/bin/oslevel       = unknown
/bin/universe          = unknown

PATH: /usr/bin
PATH: /bin
PATH: /usr/local/bin
PATH: /usr/X11R6/bin/
PATH: /usr/games
PATH: /usr/lib/qt4/bin
PATH: /home/armando/bin


## ----------- ##
## Core tests. ##
## ----------- ##

configure:1740: checking for a BSD-compatible install
configure:1808: result: /usr/bin/install -c
configure:1819: checking whether build environment is sane
configure:1869: result: yes
configure:2010: checking for a thread-safe mkdir -p
configure:2049: result: /bin/mkdir -p
configure:2062: checking for gawk
configure:2078: found /usr/bin/gawk
configure:2089: result: gawk
configure:2100: checking whether make sets $(MAKE)
configure:2122: result: yes
configure:2203: checking whether to enable maintainer-specific portions of Makefiles
configure:2212: result: no
configure:2228: checking for pkg-config
configure:2246: found /usr/bin/pkg-config
configure:2259: result: /usr/bin/pkg-config
configure:2320: checking for gmcs
configure:2338: found /usr/bin/gmcs
configure:2351: result: /usr/bin/gmcs
configure:2517: checking pkg-config is at least version 0.9.0
configure:2520: result: yes
configure:2531: checking for THEMONOSPOT_BASE
configure:2538: $PKG_CONFIG --exists --print-errors "themonospot-base"
configure:2541: $? = 0
configure:2554: $PKG_CONFIG --exists --print-errors "themonospot-base"
configure:2557: $? = 0
configure:2611: result: yes
configure:2776: creating ./config.status

## ---------------------- ##
## Running config.status. ##
## ---------------------- ##

This file was extended by themonospot-console config.status 0.1.1, which was
generated by GNU Autoconf 2.64.  Invocation command line was

  CONFIG_FILES    = 
  CONFIG_HEADERS  = 
  CONFIG_LINKS    = 
  CONFIG_COMMANDS = 
  $ ./config.status 

on localhost.localdomain

config.status:758: creating themonospot-console
config.status:758: creating Makefile

## ---------------- ##
## Cache variables. ##
## ---------------- ##

ac_cv_env_PKG_CONFIG_set=
ac_cv_env_PKG_CONFIG_value=
ac_cv_env_THEMONOSPOT_BASE_CFLAGS_set=
ac_cv_env_THEMONOSPOT_BASE_CFLAGS_value=
ac_cv_env_THEMONOSPOT_BASE_LIBS_set=
ac_cv_env_THEMONOSPOT_BASE_LIBS_value=
ac_cv_env_build_alias_set=
ac_cv_env_build_alias_value=
ac_cv_env_host_alias_set=
ac_cv_env_host_alias_value=
ac_cv_env_target_alias_set=
ac_cv_env_target_alias_value=
ac_cv_path_GMCS=/usr/bin/gmcs
ac_cv_path_PKG_CONFIG=/usr/bin/pkg-config
ac_cv_path_install='/usr/bin/install -c'
ac_cv_path_mkdir=/bin/mkdir
ac_cv_prog_AWK=gawk
ac_cv_prog_make_make_set=yes
pkg_cv_THEMONOSPOT_BASE_CFLAGS=' '
pkg_cv_THEMONOSPOT_BASE_LIBS='-r:/usr/lib/themonospot/themonospot-base.dll  '

## ----------------- ##
## Output variables. ##
## ----------------- ##

ACLOCAL='${SHELL} /media/ARMANDO_02G/csharp/themonospot-project/themonospot-solution/tarballs/themonospot-console/themonospot-console-0.1.1/missing --run aclocal-1.11'
AMTAR='${SHELL} /media/ARMANDO_02G/csharp/themonospot-project/themonospot-solution/tarballs/themonospot-console/themonospot-console-0.1.1/missing --run tar'
AUTOCONF='${SHELL} /media/ARMANDO_02G/csharp/themonospot-project/themonospot-solution/tarballs/themonospot-console/themonospot-console-0.1.1/missing --run autoconf'
AUTOHEADER='${SHELL} /media/ARMANDO_02G/csharp/themonospot-project/themonospot-solution/tarballs/themonospot-console/themonospot-console-0.1.1/missing --run autoheader'
AUTOMAKE='${SHELL} /media/ARMANDO_02G/csharp/themonospot-project/themonospot-solution/tarballs/themonospot-console/themonospot-console-0.1.1/missing --run automake-1.11'
AWK='gawk'
CYGPATH_W='echo'
DEFS='-DPACKAGE_NAME=\"themonospot-console\" -DPACKAGE_TARNAME=\"themonospot-console\" -DPACKAGE_VERSION=\"0.1.1\" -DPACKAGE_STRING=\"themonospot-console\ 0.1.1\" -DPACKAGE_BUGREPORT=\"\" -DPACKAGE_URL=\"\" -DPACKAGE=\"themonospot-console\" -DVERSION=\"0.1.1\"'
ECHO_C=''
ECHO_N='-n'
ECHO_T=''
ENABLE_DEBUG_FALSE=''
ENABLE_DEBUG_TRUE='#'
ENABLE_RELEASE_FALSE='#'
ENABLE_RELEASE_TRUE=''
GMCS='/usr/bin/gmcs'
INSTALL_DATA='${INSTALL} -m 644'
INSTALL_PROGRAM='${INSTALL}'
INSTALL_SCRIPT='${INSTALL}'
INSTALL_STRIP_PROGRAM='$(install_sh) -c -s'
LIBOBJS=''
LIBS=''
LTLIBOBJS=''
MAINT='#'
MAINTAINER_MODE_FALSE=''
MAINTAINER_MODE_TRUE='#'
MAKEINFO='${SHELL} /media/ARMANDO_02G/csharp/themonospot-project/themonospot-solution/tarballs/themonospot-console/themonospot-console-0.1.1/missing --run makeinfo'
MKDIR_P='/bin/mkdir -p'
PACKAGE='themonospot-console'
PACKAGE_BUGREPORT=''
PACKAGE_NAME='themonospot-console'
PACKAGE_STRING='themonospot-console 0.1.1'
PACKAGE_TARNAME='themonospot-console'
PACKAGE_URL=''
PACKAGE_VERSION='0.1.1'
PATH_SEPARATOR=':'
PKG_CONFIG='/usr/bin/pkg-config'
SET_MAKE=''
SHELL='/bin/sh'
STRIP=''
THEMONOSPOT_BASE_CFLAGS=' '
THEMONOSPOT_BASE_LIBS='-r:/usr/lib/themonospot/themonospot-base.dll  '
VERSION='0.1.1'
am__isrc=''
am__leading_dot='.'
am__tar='${AMTAR} chof - "$$tardir"'
am__untar='${AMTAR} xf -'
bindir='${exec_prefix}/bin'
build_alias=''
datadir='${datarootdir}'
datarootdir='${prefix}/share'
docdir='${datarootdir}/doc/${PACKAGE_TARNAME}'
dvidir='${docdir}'
exec_prefix='/usr'
expanded_bindir='/usr/bin'
expanded_datadir='/usr/share'
expanded_libdir='/usr/lib'
host_alias=''
htmldir='${docdir}'
includedir='${prefix}/include'
infodir='${datarootdir}/info'
install_sh='${SHELL} /media/ARMANDO_02G/csharp/themonospot-project/themonospot-solution/tarballs/themonospot-console/themonospot-console-0.1.1/install-sh'
libdir='${exec_prefix}/lib'
libexecdir='${exec_prefix}/libexec'
localedir='${datarootdir}/locale'
localstatedir='${prefix}/var'
mandir='${datarootdir}/man'
mkdir_p='/bin/mkdir -p'
oldincludedir='/usr/include'
pdfdir='${docdir}'
prefix='/usr'
program_transform_name='s,x,x,'
psdir='${docdir}'
sbindir='${exec_prefix}/sbin'
sharedstatedir='${prefix}/com'
sysconfdir='${prefix}/etc'
target_alias=''

## ----------- ##
## confdefs.h. ##
## ----------- ##

/* confdefs.h */
#define PACKAGE_NAME "themonospot-console"
#define PACKAGE_TARNAME "themonospot-console"
#define PACKAGE_VERSION "0.1.1"
#define PACKAGE_STRING "themonospot-console 0.1.1"
#define PACKAGE_BUGREPORT ""
#define PACKAGE_URL ""
#define PACKAGE "themonospot-console"
#define VERSION "0.1.1"

configure: exit 0
